Flow report for contador_quartus
Fri Nov 17 21:45:35 2023
Quartus Prime Version 22.1std.1 Build 917 02/14/2023 SC Lite Edition


---------------------
; Table of Contents ;
---------------------
  1. Legal Notice
  2. Flow Summary
  3. Flow Settings
  4. Flow Non-Default Global Settings
  5. Flow Elapsed Time
  6. Flow OS Summary
  7. Flow Log
  8. Flow Messages
  9. Flow Suppressed Messages



----------------
; Legal Notice ;
----------------
Copyright (C) 2023  Intel Corporation. All rights reserved.
Your use of Intel Corporation's design tools, logic functions 
and other software and tools, and any partner logic 
functions, and any output files from any of the foregoing 
(including device programming or simulation files), and any 
associated documentation or information are expressly subject 
to the terms and conditions of the Intel Program License 
Subscription Agreement, the Intel Quartus Prime License Agreement,
the Intel FPGA IP License Agreement, or other applicable license
agreement, including, without limitation, that your use is for
the sole purpose of programming logic devices manufactured by
Intel and sold by Intel or its authorized distributors.  Please
refer to the applicable agreement for further details, at
https://fpgasoftware.intel.com/eula.



+-------------------------------------------------------------------------------------+
; Flow Summary                                                                        ;
+------------------------------------+------------------------------------------------+
; Flow Status                        ; Successful - Fri Nov 17 21:45:35 2023          ;
; Quartus Prime Version              ; 22.1std.1 Build 917 02/14/2023 SC Lite Edition ;
; Revision Name                      ; contador_quartus                               ;
; Top-level Entity Name              ; conte_ate_5                                    ;
; Family                             ; MAX 10                                         ;
; Device                             ; 10M50DAF484C7G                                 ;
; Timing Models                      ; Final                                          ;
; Total logic elements               ; 5 / 49,760 ( < 1 % )                           ;
;     Total combinational functions  ; 5 / 49,760 ( < 1 % )                           ;
;     Dedicated logic registers      ; 4 / 49,760 ( < 1 % )                           ;
; Total registers                    ; 4                                              ;
; Total pins                         ; 6 / 360 ( 2 % )                                ;
; Total virtual pins                 ; 0                                              ;
; Total memory bits                  ; 0 / 1,677,312 ( 0 % )                          ;
; Embedded Multiplier 9-bit elements ; 0 / 288 ( 0 % )                                ;
; Total PLLs                         ; 0 / 4 ( 0 % )                                  ;
; UFM blocks                         ; 0 / 1 ( 0 % )                                  ;
; ADC blocks                         ; 0 / 2 ( 0 % )                                  ;
+------------------------------------+------------------------------------------------+


+-----------------------------------------+
; Flow Settings                           ;
+-------------------+---------------------+
; Option            ; Setting             ;
+-------------------+---------------------+
; Start date & time ; 11/17/2023 21:44:54 ;
; Main task         ; Compilation         ;
; Revision Name     ; contador_quartus    ;
+-------------------+---------------------+


+---------------------------------------------------------------------------------------------------------------------------------------------------+
; Flow Non-Default Global Settings                                                                                                                  ;
+-------------------------------------+----------------------------------------+------------------+-------------+-----------------------------------+
; Assignment Name                     ; Value                                  ; Default Value    ; Entity Name ; Section Id                        ;
+-------------------------------------+----------------------------------------+------------------+-------------+-----------------------------------+
; COMPILER_SIGNATURE_ID               ; 145667774963287.170026829404184        ; --               ; --          ; --                                ;
; EDA_GENERATE_FUNCTIONAL_NETLIST     ; Off                                    ; --               ; --          ; eda_board_design_timing           ;
; EDA_GENERATE_FUNCTIONAL_NETLIST     ; Off                                    ; --               ; --          ; eda_board_design_boundary_scan    ;
; EDA_GENERATE_FUNCTIONAL_NETLIST     ; Off                                    ; --               ; --          ; eda_board_design_signal_integrity ;
; EDA_GENERATE_FUNCTIONAL_NETLIST     ; Off                                    ; --               ; --          ; eda_board_design_symbol           ;
; EDA_OUTPUT_DATA_FORMAT              ; Verilog Hdl                            ; --               ; --          ; eda_simulation                    ;
; EDA_SIMULATION_TOOL                 ; Questa Intel FPGA (Verilog)            ; <None>           ; --          ; --                                ;
; EDA_TIME_SCALE                      ; 1 ps                                   ; --               ; --          ; eda_simulation                    ;
; MAX_CORE_JUNCTION_TEMP              ; 85                                     ; --               ; --          ; --                                ;
; MIN_CORE_JUNCTION_TEMP              ; 0                                      ; --               ; --          ; --                                ;
; PARTITION_COLOR                     ; -- (Not supported for targeted family) ; --               ; conte_ate_5 ; Top                               ;
; PARTITION_FITTER_PRESERVATION_LEVEL ; -- (Not supported for targeted family) ; --               ; conte_ate_5 ; Top                               ;
; PARTITION_NETLIST_TYPE              ; -- (Not supported for targeted family) ; --               ; conte_ate_5 ; Top                               ;
; POWER_BOARD_THERMAL_MODEL           ; None (CONSERVATIVE)                    ; --               ; --          ; --                                ;
; POWER_PRESET_COOLING_SOLUTION       ; 23 MM HEAT SINK WITH 200 LFPM AIRFLOW  ; --               ; --          ; --                                ;
; PROJECT_OUTPUT_DIRECTORY            ; output_files                           ; --               ; --          ; --                                ;
; TOP_LEVEL_ENTITY                    ; conte_ate_5                            ; contador_quartus ; --          ; --                                ;
+-------------------------------------+----------------------------------------+------------------+-------------+-----------------------------------+


+--------------------------------------------------------------------------------------------------------------------------+
; Flow Elapsed Time                                                                                                        ;
+----------------------+--------------+-------------------------+---------------------+------------------------------------+
; Module Name          ; Elapsed Time ; Average Processors Used ; Peak Virtual Memory ; Total CPU Time (on all processors) ;
+----------------------+--------------+-------------------------+---------------------+------------------------------------+
; Analysis & Synthesis ; 00:00:12     ; 1.0                     ; 4807 MB             ; 00:00:17                           ;
; Fitter               ; 00:00:14     ; 1.0                     ; 5375 MB             ; 00:00:10                           ;
; Assembler            ; 00:00:05     ; 1.0                     ; 4716 MB             ; 00:00:04                           ;
; Timing Analyzer      ; 00:00:03     ; 1.0                     ; 4814 MB             ; 00:00:02                           ;
; EDA Netlist Writer   ; 00:00:01     ; 1.0                     ; 4656 MB             ; 00:00:00                           ;
; Total                ; 00:00:35     ; --                      ; --                  ; 00:00:33                           ;
+----------------------+--------------+-------------------------+---------------------+------------------------------------+


+------------------------------------------------------------------------------------+
; Flow OS Summary                                                                    ;
+----------------------+------------------+------------+------------+----------------+
; Module Name          ; Machine Hostname ; OS Name    ; OS Version ; Processor type ;
+----------------------+------------------+------------+------------+----------------+
; Analysis & Synthesis ; OFBNB039367      ; Windows 10 ; 10.0       ; x86_64         ;
; Fitter               ; OFBNB039367      ; Windows 10 ; 10.0       ; x86_64         ;
; Assembler            ; OFBNB039367      ; Windows 10 ; 10.0       ; x86_64         ;
; Timing Analyzer      ; OFBNB039367      ; Windows 10 ; 10.0       ; x86_64         ;
; EDA Netlist Writer   ; OFBNB039367      ; Windows 10 ; 10.0       ; x86_64         ;
+----------------------+------------------+------------+------------+----------------+


------------
; Flow Log ;
------------
quartus_map --read_settings_files=on --write_settings_files=off contador_quartus -c contador_quartus
quartus_fit --read_settings_files=off --write_settings_files=off contador_quartus -c contador_quartus
quartus_asm --read_settings_files=off --write_settings_files=off contador_quartus -c contador_quartus
quartus_sta contador_quartus -c contador_quartus
quartus_eda --read_settings_files=off --write_settings_files=off contador_quartus -c contador_quartus



