Analysis & Synthesis report for principal
Sun Dec  3 12:38:01 2023
Quartus Prime Version 22.1std.1 Build 917 02/14/2023 SC Lite Edition


---------------------
; Table of Contents ;
---------------------
  1. Legal Notice
  2. Analysis & Synthesis Summary
  3. Analysis & Synthesis Settings
  4. Parallel Compilation
  5. Analysis & Synthesis Source Files Read
  6. Analysis & Synthesis Resource Usage Summary
  7. Analysis & Synthesis Resource Utilization by Entity
  8. General Register Statistics
  9. Port Connectivity Checks: "CONT_9:CHIP12"
 10. Port Connectivity Checks: "CONT_9:CHIP10"
 11. Port Connectivity Checks: "DECODIFICADOR_7SEG:CHIP9"
 12. Port Connectivity Checks: "CONT_5:CHIP8"
 13. Port Connectivity Checks: "CONT_9:CHIP6"
 14. Port Connectivity Checks: "DECODIFICADOR_7SEG:CHIP5"
 15. Port Connectivity Checks: "CONT_5:CHIP4"
 16. Port Connectivity Checks: "CONT_9:CHIP2"
 17. Post-Synthesis Netlist Statistics for Top Partition
 18. Elapsed Time Per Partition
 19. Analysis & Synthesis Messages



----------------
; Legal Notice ;
----------------
Copyright (C) 2023  Intel Corporation. All rights reserved.
Your use of Intel Corporation's design tools, logic functions 
and other software and tools, and any partner logic 
functions, and any output files from any of the foregoing 
(including device programming or simulation files), and any 
associated documentation or information are expressly subject 
to the terms and conditions of the Intel Program License 
Subscription Agreement, the Intel Quartus Prime License Agreement,
the Intel FPGA IP License Agreement, or other applicable license
agreement, including, without limitation, that your use is for
the sole purpose of programming logic devices manufactured by
Intel and sold by Intel or its authorized distributors.  Please
refer to the applicable agreement for further details, at
https://fpgasoftware.intel.com/eula.



+-------------------------------------------------------------------------------------+
; Analysis & Synthesis Summary                                                        ;
+------------------------------------+------------------------------------------------+
; Analysis & Synthesis Status        ; Successful - Sun Dec  3 12:38:01 2023          ;
; Quartus Prime Version              ; 22.1std.1 Build 917 02/14/2023 SC Lite Edition ;
; Revision Name                      ; principal                                      ;
; Top-level Entity Name              ; PRINCIPAL                                      ;
; Family                             ; MAX 10                                         ;
; Total logic elements               ; 91                                             ;
;     Total combinational functions  ; 91                                             ;
;     Dedicated logic registers      ; 40                                             ;
; Total registers                    ; 40                                             ;
; Total pins                         ; 44                                             ;
; Total virtual pins                 ; 0                                              ;
; Total memory bits                  ; 0                                              ;
; Embedded Multiplier 9-bit elements ; 0                                              ;
; Total PLLs                         ; 0                                              ;
; UFM blocks                         ; 0                                              ;
; ADC blocks                         ; 0                                              ;
+------------------------------------+------------------------------------------------+


+------------------------------------------------------------------------------------------------------------+
; Analysis & Synthesis Settings                                                                              ;
+------------------------------------------------------------------+--------------------+--------------------+
; Option                                                           ; Setting            ; Default Value      ;
+------------------------------------------------------------------+--------------------+--------------------+
; Device                                                           ; 10M50DAF484C7G     ;                    ;
; Top-level entity name                                            ; principal          ; principal          ;
; Family name                                                      ; MAX 10             ; Cyclone V          ;
; Use smart compilation                                            ; Off                ; Off                ;
; Enable parallel Assembler and Timing Analyzer during compilation ; On                 ; On                 ;
; Enable compact report table                                      ; Off                ; Off                ;
; Restructure Multiplexers                                         ; Auto               ; Auto               ;
; Create Debugging Nodes for IP Cores                              ; Off                ; Off                ;
; Preserve fewer node names                                        ; On                 ; On                 ;
; Intel FPGA IP Evaluation Mode                                    ; Enable             ; Enable             ;
; Verilog Version                                                  ; Verilog_2001       ; Verilog_2001       ;
; VHDL Version                                                     ; VHDL_1993          ; VHDL_1993          ;
; State Machine Processing                                         ; Auto               ; Auto               ;
; Safe State Machine                                               ; Off                ; Off                ;
; Extract Verilog State Machines                                   ; On                 ; On                 ;
; Extract VHDL State Machines                                      ; On                 ; On                 ;
; Ignore Verilog initial constructs                                ; Off                ; Off                ;
; Iteration limit for constant Verilog loops                       ; 5000               ; 5000               ;
; Iteration limit for non-constant Verilog loops                   ; 250                ; 250                ;
; Add Pass-Through Logic to Inferred RAMs                          ; On                 ; On                 ;
; Infer RAMs from Raw Logic                                        ; On                 ; On                 ;
; Parallel Synthesis                                               ; On                 ; On                 ;
; DSP Block Balancing                                              ; Auto               ; Auto               ;
; NOT Gate Push-Back                                               ; On                 ; On                 ;
; Power-Up Don't Care                                              ; On                 ; On                 ;
; Remove Redundant Logic Cells                                     ; Off                ; Off                ;
; Remove Duplicate Registers                                       ; On                 ; On                 ;
; Ignore CARRY Buffers                                             ; Off                ; Off                ;
; Ignore CASCADE Buffers                                           ; Off                ; Off                ;
; Ignore GLOBAL Buffers                                            ; Off                ; Off                ;
; Ignore ROW GLOBAL Buffers                                        ; Off                ; Off                ;
; Ignore LCELL Buffers                                             ; Off                ; Off                ;
; Ignore SOFT Buffers                                              ; On                 ; On                 ;
; Limit AHDL Integers to 32 Bits                                   ; Off                ; Off                ;
; Optimization Technique                                           ; Balanced           ; Balanced           ;
; Carry Chain Length                                               ; 70                 ; 70                 ;
; Auto Carry Chains                                                ; On                 ; On                 ;
; Auto Open-Drain Pins                                             ; On                 ; On                 ;
; Perform WYSIWYG Primitive Resynthesis                            ; Off                ; Off                ;
; Auto ROM Replacement                                             ; On                 ; On                 ;
; Auto RAM Replacement                                             ; On                 ; On                 ;
; Auto DSP Block Replacement                                       ; On                 ; On                 ;
; Auto Shift Register Replacement                                  ; Auto               ; Auto               ;
; Allow Shift Register Merging across Hierarchies                  ; Auto               ; Auto               ;
; Auto Clock Enable Replacement                                    ; On                 ; On                 ;
; Strict RAM Replacement                                           ; Off                ; Off                ;
; Allow Synchronous Control Signals                                ; On                 ; On                 ;
; Force Use of Synchronous Clear Signals                           ; Off                ; Off                ;
; Auto RAM Block Balancing                                         ; On                 ; On                 ;
; Auto RAM to Logic Cell Conversion                                ; Off                ; Off                ;
; Auto Resource Sharing                                            ; Off                ; Off                ;
; Allow Any RAM Size For Recognition                               ; Off                ; Off                ;
; Allow Any ROM Size For Recognition                               ; Off                ; Off                ;
; Allow Any Shift Register Size For Recognition                    ; Off                ; Off                ;
; Use LogicLock Constraints during Resource Balancing              ; On                 ; On                 ;
; Ignore translate_off and synthesis_off directives                ; Off                ; Off                ;
; Timing-Driven Synthesis                                          ; On                 ; On                 ;
; Report Parameter Settings                                        ; On                 ; On                 ;
; Report Source Assignments                                        ; On                 ; On                 ;
; Report Connectivity Checks                                       ; On                 ; On                 ;
; Ignore Maximum Fan-Out Assignments                               ; Off                ; Off                ;
; Synchronization Register Chain Length                            ; 2                  ; 2                  ;
; Power Optimization During Synthesis                              ; Normal compilation ; Normal compilation ;
; HDL message level                                                ; Level2             ; Level2             ;
; Suppress Register Optimization Related Messages                  ; Off                ; Off                ;
; Number of Removed Registers Reported in Synthesis Report         ; 5000               ; 5000               ;
; Number of Swept Nodes Reported in Synthesis Report               ; 5000               ; 5000               ;
; Number of Inverted Registers Reported in Synthesis Report        ; 100                ; 100                ;
; Clock MUX Protection                                             ; On                 ; On                 ;
; Auto Gated Clock Conversion                                      ; Off                ; Off                ;
; Block Design Naming                                              ; Auto               ; Auto               ;
; SDC constraint protection                                        ; Off                ; Off                ;
; Synthesis Effort                                                 ; Auto               ; Auto               ;
; Shift Register Replacement - Allow Asynchronous Clear Signal     ; On                 ; On                 ;
; Pre-Mapping Resynthesis Optimization                             ; Off                ; Off                ;
; Analysis & Synthesis Message Level                               ; Medium             ; Medium             ;
; Disable Register Merging Across Hierarchies                      ; Auto               ; Auto               ;
; Resource Aware Inference For Block RAM                           ; On                 ; On                 ;
+------------------------------------------------------------------+--------------------+--------------------+


+------------------------------------------+
; Parallel Compilation                     ;
+----------------------------+-------------+
; Processors                 ; Number      ;
+----------------------------+-------------+
; Number detected on machine ; 4           ;
; Maximum allowed            ; 2           ;
;                            ;             ;
; Average used               ; 1.00        ;
; Maximum used               ; 2           ;
;                            ;             ;
; Usage by Processor         ; % Time Used ;
;     Processor 1            ; 100.0%      ;
;     Processor 2            ;   0.0%      ;
+----------------------------+-------------+


+----------------------------------------------------------------------------------------------------------------------------------------------------------------------------------+
; Analysis & Synthesis Source Files Read                                                                                                                                           ;
+----------------------------------+-----------------+-----------------+-------------------------------------------------------------------------------------------------+---------+
; File Name with User-Entered Path ; Used in Netlist ; File Type       ; File Name with Absolute Path                                                                    ; Library ;
+----------------------------------+-----------------+-----------------+-------------------------------------------------------------------------------------------------+---------+
; principal.vhd                    ; yes             ; User VHDL File  ; C:/Users/samuelb/Desktop/IFCE/TELEMATICA/LAB_ELETRONICA/Projetos Quartus/Prog_Pri/principal.vhd ;         ;
+----------------------------------+-----------------+-----------------+-------------------------------------------------------------------------------------------------+---------+


+---------------------------------------------------------+
; Analysis & Synthesis Resource Usage Summary             ;
+---------------------------------------------+-----------+
; Resource                                    ; Usage     ;
+---------------------------------------------+-----------+
; Estimated Total logic elements              ; 91        ;
;                                             ;           ;
; Total combinational functions               ; 91        ;
; Logic element usage by number of LUT inputs ;           ;
;     -- 4 input functions                    ; 49        ;
;     -- 3 input functions                    ; 24        ;
;     -- <=2 input functions                  ; 18        ;
;                                             ;           ;
; Logic elements by mode                      ;           ;
;     -- normal mode                          ; 80        ;
;     -- arithmetic mode                      ; 11        ;
;                                             ;           ;
; Total registers                             ; 40        ;
;     -- Dedicated logic registers            ; 40        ;
;     -- I/O registers                        ; 0         ;
;                                             ;           ;
; I/O pins                                    ; 44        ;
;                                             ;           ;
; Embedded Multiplier 9-bit elements          ; 0         ;
;                                             ;           ;
; Maximum fan-out node                        ; CLK~input ;
; Maximum fan-out                             ; 13        ;
; Total fan-out                               ; 463       ;
; Average fan-out                             ; 2.11      ;
+---------------------------------------------+-----------+


+----------------------------------------------------------------------------------------------------------------------------------------------------------------------------------------------------------------------------------------------------------------+
; Analysis & Synthesis Resource Utilization by Entity                                                                                                                                                                                                            ;
+--------------------------------+---------------------+---------------------------+-------------+------------+--------------+---------+-----------+------+--------------+------------+--------------------------------------+--------------------+--------------+
; Compilation Hierarchy Node     ; Combinational ALUTs ; Dedicated Logic Registers ; Memory Bits ; UFM Blocks ; DSP Elements ; DSP 9x9 ; DSP 18x18 ; Pins ; Virtual Pins ; ADC blocks ; Full Hierarchy Name                  ; Entity Name        ; Library Name ;
+--------------------------------+---------------------+---------------------------+-------------+------------+--------------+---------+-----------+------+--------------+------------+--------------------------------------+--------------------+--------------+
; |PRINCIPAL                     ; 91 (0)              ; 40 (0)                    ; 0           ; 0          ; 0            ; 0       ; 0         ; 44   ; 0            ; 0          ; |PRINCIPAL                           ; PRINCIPAL          ; work         ;
;    |CONT_5:CHIP4|              ; 4 (4)               ; 4 (4)                     ; 0           ; 0          ; 0            ; 0       ; 0         ; 0    ; 0            ; 0          ; |PRINCIPAL|CONT_5:CHIP4              ; CONT_5             ; work         ;
;    |CONT_5:CHIP8|              ; 4 (4)               ; 4 (4)                     ; 0           ; 0          ; 0            ; 0       ; 0         ; 0    ; 0            ; 0          ; |PRINCIPAL|CONT_5:CHIP8              ; CONT_5             ; work         ;
;    |CONT_9:CHIP10|             ; 5 (5)               ; 5 (5)                     ; 0           ; 0          ; 0            ; 0       ; 0         ; 0    ; 0            ; 0          ; |PRINCIPAL|CONT_9:CHIP10             ; CONT_9             ; work         ;
;    |CONT_9:CHIP12|             ; 4 (4)               ; 4 (4)                     ; 0           ; 0          ; 0            ; 0       ; 0         ; 0    ; 0            ; 0          ; |PRINCIPAL|CONT_9:CHIP12             ; CONT_9             ; work         ;
;    |CONT_9:CHIP2|              ; 5 (5)               ; 5 (5)                     ; 0           ; 0          ; 0            ; 0       ; 0         ; 0    ; 0            ; 0          ; |PRINCIPAL|CONT_9:CHIP2              ; CONT_9             ; work         ;
;    |CONT_9:CHIP6|              ; 5 (5)               ; 5 (5)                     ; 0           ; 0          ; 0            ; 0       ; 0         ; 0    ; 0            ; 0          ; |PRINCIPAL|CONT_9:CHIP6              ; CONT_9             ; work         ;
;    |DECODIFICADOR_7SEG:CHIP11| ; 7 (7)               ; 0 (0)                     ; 0           ; 0          ; 0            ; 0       ; 0         ; 0    ; 0            ; 0          ; |PRINCIPAL|DECODIFICADOR_7SEG:CHIP11 ; DECODIFICADOR_7SEG ; work         ;
;    |DECODIFICADOR_7SEG:CHIP13| ; 7 (7)               ; 0 (0)                     ; 0           ; 0          ; 0            ; 0       ; 0         ; 0    ; 0            ; 0          ; |PRINCIPAL|DECODIFICADOR_7SEG:CHIP13 ; DECODIFICADOR_7SEG ; work         ;
;    |DECODIFICADOR_7SEG:CHIP3|  ; 7 (7)               ; 0 (0)                     ; 0           ; 0          ; 0            ; 0       ; 0         ; 0    ; 0            ; 0          ; |PRINCIPAL|DECODIFICADOR_7SEG:CHIP3  ; DECODIFICADOR_7SEG ; work         ;
;    |DECODIFICADOR_7SEG:CHIP5|  ; 7 (7)               ; 0 (0)                     ; 0           ; 0          ; 0            ; 0       ; 0         ; 0    ; 0            ; 0          ; |PRINCIPAL|DECODIFICADOR_7SEG:CHIP5  ; DECODIFICADOR_7SEG ; work         ;
;    |DECODIFICADOR_7SEG:CHIP7|  ; 7 (7)               ; 0 (0)                     ; 0           ; 0          ; 0            ; 0       ; 0         ; 0    ; 0            ; 0          ; |PRINCIPAL|DECODIFICADOR_7SEG:CHIP7  ; DECODIFICADOR_7SEG ; work         ;
;    |DECODIFICADOR_7SEG:CHIP9|  ; 7 (7)               ; 0 (0)                     ; 0           ; 0          ; 0            ; 0       ; 0         ; 0    ; 0            ; 0          ; |PRINCIPAL|DECODIFICADOR_7SEG:CHIP9  ; DECODIFICADOR_7SEG ; work         ;
;    |DIV_CLK:CHIP1|             ; 22 (22)             ; 13 (13)                   ; 0           ; 0          ; 0            ; 0       ; 0         ; 0    ; 0            ; 0          ; |PRINCIPAL|DIV_CLK:CHIP1             ; DIV_CLK            ; work         ;
+--------------------------------+---------------------+---------------------------+-------------+------------+--------------+---------+-----------+------+--------------+------------+--------------------------------------+--------------------+--------------+
Note: For table entries with two numbers listed, the numbers in parentheses indicate the number of resources of the given type used by the specific entity alone. The numbers listed outside of parentheses indicate the total resources of the given type used by the specific entity and all of its sub-entities in the hierarchy.


+------------------------------------------------------+
; General Register Statistics                          ;
+----------------------------------------------+-------+
; Statistic                                    ; Value ;
+----------------------------------------------+-------+
; Total registers                              ; 40    ;
; Number of registers using Synchronous Clear  ; 0     ;
; Number of registers using Synchronous Load   ; 0     ;
; Number of registers using Asynchronous Clear ; 0     ;
; Number of registers using Asynchronous Load  ; 0     ;
; Number of registers using Clock Enable       ; 0     ;
; Number of registers using Preset             ; 0     ;
+----------------------------------------------+-------+


+-----------------------------------------------------------------------------------------------------------------+
; Port Connectivity Checks: "CONT_9:CHIP12"                                                                       ;
+-------+--------+----------+-------------------------------------------------------------------------------------+
; Port  ; Type   ; Severity ; Details                                                                             ;
+-------+--------+----------+-------------------------------------------------------------------------------------+
; reset ; Input  ; Info     ; Stuck at GND                                                                        ;
; cout  ; Output ; Info     ; Connected to dangling logic. Logic that only feeds a dangling port will be removed. ;
+-------+--------+----------+-------------------------------------------------------------------------------------+


+-------------------------------------------+
; Port Connectivity Checks: "CONT_9:CHIP10" ;
+-------+-------+----------+----------------+
; Port  ; Type  ; Severity ; Details        ;
+-------+-------+----------+----------------+
; reset ; Input ; Info     ; Stuck at GND   ;
+-------+-------+----------+----------------+


+------------------------------------------------------+
; Port Connectivity Checks: "DECODIFICADOR_7SEG:CHIP9" ;
+-----------+-------+----------+-----------------------+
; Port      ; Type  ; Severity ; Details               ;
+-----------+-------+----------+-----------------------+
; in_dec[3] ; Input ; Info     ; Stuck at GND          ;
+-----------+-------+----------+-----------------------+


+------------------------------------------+
; Port Connectivity Checks: "CONT_5:CHIP8" ;
+-------+-------+----------+---------------+
; Port  ; Type  ; Severity ; Details       ;
+-------+-------+----------+---------------+
; reset ; Input ; Info     ; Stuck at GND  ;
+-------+-------+----------+---------------+


+------------------------------------------+
; Port Connectivity Checks: "CONT_9:CHIP6" ;
+-------+-------+----------+---------------+
; Port  ; Type  ; Severity ; Details       ;
+-------+-------+----------+---------------+
; reset ; Input ; Info     ; Stuck at GND  ;
+-------+-------+----------+---------------+


+------------------------------------------------------+
; Port Connectivity Checks: "DECODIFICADOR_7SEG:CHIP5" ;
+-----------+-------+----------+-----------------------+
; Port      ; Type  ; Severity ; Details               ;
+-----------+-------+----------+-----------------------+
; in_dec[3] ; Input ; Info     ; Stuck at GND          ;
+-----------+-------+----------+-----------------------+


+------------------------------------------+
; Port Connectivity Checks: "CONT_5:CHIP4" ;
+-------+-------+----------+---------------+
; Port  ; Type  ; Severity ; Details       ;
+-------+-------+----------+---------------+
; reset ; Input ; Info     ; Stuck at GND  ;
+-------+-------+----------+---------------+


+------------------------------------------+
; Port Connectivity Checks: "CONT_9:CHIP2" ;
+-------+-------+----------+---------------+
; Port  ; Type  ; Severity ; Details       ;
+-------+-------+----------+---------------+
; reset ; Input ; Info     ; Stuck at GND  ;
+-------+-------+----------+---------------+


+-----------------------------------------------------+
; Post-Synthesis Netlist Statistics for Top Partition ;
+-----------------------+-----------------------------+
; Type                  ; Count                       ;
+-----------------------+-----------------------------+
; boundary_port         ; 44                          ;
; cycloneiii_ff         ; 40                          ;
;     plain             ; 40                          ;
; cycloneiii_lcell_comb ; 98                          ;
;     arith             ; 11                          ;
;         2 data inputs ; 11                          ;
;     normal            ; 87                          ;
;         0 data inputs ; 1                           ;
;         1 data inputs ; 13                          ;
;         3 data inputs ; 24                          ;
;         4 data inputs ; 49                          ;
;                       ;                             ;
; Max LUT depth         ; 3.10                        ;
; Average LUT depth     ; 1.64                        ;
+-----------------------+-----------------------------+


+-------------------------------+
; Elapsed Time Per Partition    ;
+----------------+--------------+
; Partition Name ; Elapsed Time ;
+----------------+--------------+
; Top            ; 00:00:00     ;
+----------------+--------------+


+-------------------------------+
; Analysis & Synthesis Messages ;
+-------------------------------+
Info: *******************************************************************
Info: Running Quartus Prime Analysis & Synthesis
    Info: Version 22.1std.1 Build 917 02/14/2023 SC Lite Edition
    Info: Processing started: Sun Dec  3 12:37:48 2023
Info: Command: quartus_map --read_settings_files=on --write_settings_files=off principal -c principal
Warning (18236): Number of processors has not been specified which may cause overloading on shared machines.  Set the global assignment NUM_PARALLEL_PROCESSORS in your QSF to an appropriate value for best performance.
Info (20030): Parallel compilation is enabled and will use 2 of the 2 processors detected
Info (12021): Found 10 design units, including 5 entities, in source file principal.vhd
    Info (12022): Found design unit 1: PRINCIPAL-ONE File: C:/Users/samuelb/Desktop/IFCE/TELEMATICA/LAB_ELETRONICA/Projetos Quartus/Prog_Pri/principal.vhd Line: 14
    Info (12022): Found design unit 2: DIV_CLK-master File: C:/Users/samuelb/Desktop/IFCE/TELEMATICA/LAB_ELETRONICA/Projetos Quartus/Prog_Pri/principal.vhd Line: 75
    Info (12022): Found design unit 3: CONT_9-MASTER File: C:/Users/samuelb/Desktop/IFCE/TELEMATICA/LAB_ELETRONICA/Projetos Quartus/Prog_Pri/principal.vhd Line: 104
    Info (12022): Found design unit 4: DECODIFICADOR_7SEG-ONE File: C:/Users/samuelb/Desktop/IFCE/TELEMATICA/LAB_ELETRONICA/Projetos Quartus/Prog_Pri/principal.vhd Line: 134
    Info (12022): Found design unit 5: CONT_5-MASTER File: C:/Users/samuelb/Desktop/IFCE/TELEMATICA/LAB_ELETRONICA/Projetos Quartus/Prog_Pri/principal.vhd Line: 160
    Info (12023): Found entity 1: PRINCIPAL File: C:/Users/samuelb/Desktop/IFCE/TELEMATICA/LAB_ELETRONICA/Projetos Quartus/Prog_Pri/principal.vhd Line: 1
    Info (12023): Found entity 2: DIV_CLK File: C:/Users/samuelb/Desktop/IFCE/TELEMATICA/LAB_ELETRONICA/Projetos Quartus/Prog_Pri/principal.vhd Line: 70
    Info (12023): Found entity 3: CONT_9 File: C:/Users/samuelb/Desktop/IFCE/TELEMATICA/LAB_ELETRONICA/Projetos Quartus/Prog_Pri/principal.vhd Line: 96
    Info (12023): Found entity 4: DECODIFICADOR_7SEG File: C:/Users/samuelb/Desktop/IFCE/TELEMATICA/LAB_ELETRONICA/Projetos Quartus/Prog_Pri/principal.vhd Line: 129
    Info (12023): Found entity 5: CONT_5 File: C:/Users/samuelb/Desktop/IFCE/TELEMATICA/LAB_ELETRONICA/Projetos Quartus/Prog_Pri/principal.vhd Line: 154
Info (12127): Elaborating entity "principal" for the top level hierarchy
Warning (10541): VHDL Signal Declaration warning at principal.vhd(11): used implicit default value for signal "TESTE" because signal was never assigned a value or an explicit default value. Use of implicit default value may introduce unintended design optimizations. File: C:/Users/samuelb/Desktop/IFCE/TELEMATICA/LAB_ELETRONICA/Projetos Quartus/Prog_Pri/principal.vhd Line: 11
Warning (10036): Verilog HDL or VHDL warning at principal.vhd(21): object "VAICOMDEUS" assigned a value but never read File: C:/Users/samuelb/Desktop/IFCE/TELEMATICA/LAB_ELETRONICA/Projetos Quartus/Prog_Pri/principal.vhd Line: 21
Info (12128): Elaborating entity "DIV_CLK" for hierarchy "DIV_CLK:CHIP1" File: C:/Users/samuelb/Desktop/IFCE/TELEMATICA/LAB_ELETRONICA/Projetos Quartus/Prog_Pri/principal.vhd Line: 54
Info (12128): Elaborating entity "CONT_9" for hierarchy "CONT_9:CHIP2" File: C:/Users/samuelb/Desktop/IFCE/TELEMATICA/LAB_ELETRONICA/Projetos Quartus/Prog_Pri/principal.vhd Line: 55
Warning (10492): VHDL Process Statement warning at principal.vhd(110): signal "RESET" is read inside the Process Statement but isn't in the Process Statement's sensitivity list File: C:/Users/samuelb/Desktop/IFCE/TELEMATICA/LAB_ELETRONICA/Projetos Quartus/Prog_Pri/principal.vhd Line: 110
Info (12128): Elaborating entity "DECODIFICADOR_7SEG" for hierarchy "DECODIFICADOR_7SEG:CHIP3" File: C:/Users/samuelb/Desktop/IFCE/TELEMATICA/LAB_ELETRONICA/Projetos Quartus/Prog_Pri/principal.vhd Line: 56
Info (12128): Elaborating entity "CONT_5" for hierarchy "CONT_5:CHIP4" File: C:/Users/samuelb/Desktop/IFCE/TELEMATICA/LAB_ELETRONICA/Projetos Quartus/Prog_Pri/principal.vhd Line: 57
Warning (10492): VHDL Process Statement warning at principal.vhd(166): signal "RESET" is read inside the Process Statement but isn't in the Process Statement's sensitivity list File: C:/Users/samuelb/Desktop/IFCE/TELEMATICA/LAB_ELETRONICA/Projetos Quartus/Prog_Pri/principal.vhd Line: 166
Warning (13024): Output pins are stuck at VCC or GND
    Warning (13410): Pin "TESTE" is stuck at GND File: C:/Users/samuelb/Desktop/IFCE/TELEMATICA/LAB_ELETRONICA/Projetos Quartus/Prog_Pri/principal.vhd Line: 11
Info (286030): Timing-Driven Synthesis is running
Info (16010): Generating hard_block partition "hard_block:auto_generated_inst"
    Info (16011): Adding 0 node(s), including 0 DDIO, 0 PLL, 0 transceiver and 0 LCELL
Info (21057): Implemented 135 device resources after synthesis - the final resource count might be different
    Info (21058): Implemented 1 input pins
    Info (21059): Implemented 43 output pins
    Info (21061): Implemented 91 logic cells
Info: Quartus Prime Analysis & Synthesis was successful. 0 errors, 7 warnings
    Info: Peak virtual memory: 4807 megabytes
    Info: Processing ended: Sun Dec  3 12:38:01 2023
    Info: Elapsed time: 00:00:13
    Info: Total CPU time (on all processors): 00:00:18


